
20200917 18:43:22 US_SLASH MAIN(74) ------------ US_Shell.version 01.07
20200917 18:43:22 US_SLASH SAY(1080) US_Shell 900I: DELETE
20200917 18:43:22 US_SLASH SAY(1080) US_Shell 901I: Processing: DELETE C:\QPMdev\qpm\OBJE1B~1\us_res.c
20200917 18:43:22 US_SLASH SAY(1080) US_Shell 903E: File not found
20200917 18:43:22 US_SLASH MAIN(74) ------------ US_Shell.version 01.07
20200917 18:43:22 US_SLASH SAY(1080) US_Shell 300I: MOVE
20200917 18:43:22 US_SLASH SAY(1080) US_Shell 301I: Processing: MOVE C:\QPMdev\qpm\us_res.ppo C:\QPMdev\qpm\OBJE1B~1\us_res.ppo
20200917 18:43:22 US_SLASH SAY(1080) US_Shell 302I: File In: C:\QPMdev\qpm\us_res.ppo
20200917 18:43:22 US_SLASH SAY(1080) US_Shell 303I: Folder Out: C:\QPMdev\qpm\OBJE1B~1\us_res.ppo
20200917 18:43:22 US_SLASH SAY(1080) US_Shell 305I: OK
20200917 18:43:22 US_SLASH MAIN(74) ------------ US_Shell.version 01.07
20200917 18:43:22 US_SLASH SAY(1080) US_Shell 900I: DELETE
20200917 18:43:22 US_SLASH SAY(1080) US_Shell 901I: Processing: DELETE C:\QPMdev\qpm\us_res.ppo.MOVED.TXT
20200917 18:43:22 US_SLASH SAY(1080) US_Shell 902I: OK
20200917 18:43:22 US_SLASH MAIN(74) ------------ US_Shell.version 01.07
20200917 18:43:22 US_SLASH SAY(1080) US_Shell 100I: CHECKRC
20200917 18:43:22 US_SLASH SAY(1080) US_Shell 101I: Processing: CHECKRC NOTFILE C:\QPMdev\qpm\OBJE1B~1\us_res.c
20200917 18:43:22 US_SLASH SAY(1080) US_Shell 102I: Option: NOTFILE
20200917 18:43:22 US_SLASH SAY(1080) US_Shell 103I: File: C:\QPMdev\qpm\OBJE1B~1\us_res.c
20200917 18:43:22 US_SLASH SAY(1080) US_Shell 105I: File found
20200917 18:43:22 US_SLASH SAY(1080) US_Shell 106I: Size 35136 bytes
20200917 18:43:22 US_SLASH MAIN(74) ------------ US_Shell.version 01.07
20200917 18:43:22 US_SLASH SAY(1080) US_Shell 900I: DELETE
20200917 18:43:22 US_SLASH SAY(1080) US_Shell 901I: Processing: DELETE C:\QPMdev\qpm\OBJE1B~1\us_res.obj
20200917 18:43:22 US_SLASH SAY(1080) US_Shell 903E: File not found
20200917 18:43:22 US_SLASH MAIN(74) ------------ US_Shell.version 01.07
20200917 18:43:22 US_SLASH SAY(1080) US_Shell 100I: CHECKRC
20200917 18:43:22 US_SLASH SAY(1080) US_Shell 101I: Processing: CHECKRC NOTFILE C:\QPMdev\qpm\OBJE1B~1\us_res.obj
20200917 18:43:22 US_SLASH SAY(1080) US_Shell 102I: Option: NOTFILE
20200917 18:43:22 US_SLASH SAY(1080) US_Shell 103I: File: C:\QPMdev\qpm\OBJE1B~1\us_res.obj
20200917 18:43:22 US_SLASH SAY(1080) US_Shell 105I: File found
20200917 18:43:22 US_SLASH SAY(1080) US_Shell 106I: Size 17601 bytes